#
# There is insufficient memory for the Java Runtime Environment to continue.
# Native memory allocation (mmap) failed to map 532676608 bytes for Failed to commit area from 0x0000000605000000 to 0x0000000624c00000 of length 532676608.
# Possible reasons:
#   The system is out of physical RAM or swap space
#   The process is running with CompressedOops enabled, and the Java Heap may be blocking the growth of the native heap
# Possible solutions:
#   Reduce memory load on the system
#   Increase physical memory or swap space
#   Check if swap backing store is full
#   Decrease Java heap size (-Xmx/-Xms)
#   Decrease number of Java threads
#   Decrease Java thread stack sizes (-Xss)
#   Set larger code cache with -XX:ReservedCodeCacheSize=
# This output file may be truncated or incomplete.
#
#  Out of Memory Error (./src/hotspot/os/windows/os_windows.cpp:3387), pid=7680, tid=3732
#
# JRE version:  (11.0.14.1+1) (build )
# Java VM: OpenJDK 64-Bit Server VM (11.0.14.1+1, mixed mode, sharing, tiered, compressed oops, g1 gc, windows-amd64)
# No core dump will be written. Minidumps are not enabled by default on client versions of Windows
#

---------------  S U M M A R Y ------------

Command Line: -Dfile.encoding=UTF-8 

Host: Intel(R) Core(TM) i7-7820X CPU @ 3.60GHz, 16 cores, 31G,  Windows 10 , 64 bit Build 19041 (10.0.19041.3636)
Time: Fri Jun 14 14:28:26 2024 GMT Summer Time elapsed time: 0.016447 seconds (0d 0h 0m 0s)

---------------  T H R E A D  ---------------

Current thread (0x0000029f82b75000):  JavaThread "Unknown thread" [_thread_in_vm, id=3732, stack(0x000000cc19e00000,0x000000cc19f00000)]

Stack: [0x000000cc19e00000,0x000000cc19f00000]
Native frames: (J=compiled Java code, j=interpreted, Vv=VM code, C=native code)
V  [jvm.dll+0x61e59a]
V  [jvm.dll+0x7aaca9]
V  [jvm.dll+0x7ac398]
V  [jvm.dll+0x7aca73]
V  [jvm.dll+0x24f9b8]
V  [jvm.dll+0x61b83a]
V  [jvm.dll+0x6100c5]
V  [jvm.dll+0x30772c]
V  [jvm.dll+0x3075b2]
V  [jvm.dll+0x30c2d6]
V  [jvm.dll+0x35272f]
V  [jvm.dll+0x352160]
V  [jvm.dll+0x2e4728]
V  [jvm.dll+0x2e5886]
V  [jvm.dll+0x784b07]
V  [jvm.dll+0x78628f]
V  [jvm.dll+0x35f479]
V  [jvm.dll+0x767aa0]
V  [jvm.dll+0x3ccf1f]
V  [jvm.dll+0x3cf2b1]
C  [jli.dll+0x5207]
C  [ucrtbase.dll+0x21bb2]
C  [KERNEL32.DLL+0x17344]
C  [ntdll.dll+0x526b1]


---------------  P R O C E S S  ---------------

Threads class SMR info:
_java_thread_list=0x0000029f80866620, length=0, elements={
}

Java Threads: ( => current thread )

Other Threads:
  0x0000029f82b8d000 GCTaskThread "GC Thread#0" [stack: 0x000000cc19f00000,0x000000cc1a000000] [id=20364]
  0x0000029f82c0d800 ConcurrentGCThread "G1 Main Marker" [stack: 0x000000cc1a000000,0x000000cc1a100000] [id=16520]
  0x0000029f82c0f000 ConcurrentGCThread "G1 Conc#0" [stack: 0x000000cc1a100000,0x000000cc1a200000] [id=4664]

[error occurred during error reporting (printing all threads), id 0xc0000005, EXCEPTION_ACCESS_VIOLATION (0xc0000005) at pc=0x00007ffbfbb93ef7]

VM state:not at safepoint (not fully initialized)

VM Mutex/Monitor currently owned by a thread:  ([mutex/lock_event])
[0x0000029f82b71060] Heap_lock - owner thread: 0x0000029f82b75000

Heap address: 0x0000000605000000, size: 8112 MB, Compressed Oops mode: Non-zero based: 0x0000000605000000
Narrow klass base: 0x0000000000000000, Narrow klass shift: 0

GC Heap History (0 events):
No events

Deoptimization events (0 events):
No events

Classes redefined (0 events):
No events

Internal exceptions (0 events):
No events

Events (1 events):
Event: 0.011 Loaded shared library C:\Program Files\Unity\Hub\Editor\2022.3.9f1\Editor\Data\PlaybackEngines\AndroidPlayer\OpenJDK\bin\zip.dll


Dynamic libraries:
0x00007ff6113a0000 - 0x00007ff6113ad000 	C:\Program Files\Unity\Hub\Editor\2022.3.9f1\Editor\Data\PlaybackEngines\AndroidPlayer\OpenJDK\bin\java.exe
0x00007ffc934b0000 - 0x00007ffc936a8000 	C:\WINDOWS\SYSTEM32\ntdll.dll
0x00007ffc91b00000 - 0x00007ffc91bbd000 	C:\WINDOWS\System32\KERNEL32.DLL
0x00007ffc910b0000 - 0x00007ffc913a6000 	C:\WINDOWS\System32\KERNELBASE.dll
0x00007ffc90b90000 - 0x00007ffc90c90000 	C:\WINDOWS\System32\ucrtbase.dll
0x00007ffc8d770000 - 0x00007ffc8d785000 	C:\Program Files\Unity\Hub\Editor\2022.3.9f1\Editor\Data\PlaybackEngines\AndroidPlayer\OpenJDK\bin\VCRUNTIME140.dll
0x00007ffc8d750000 - 0x00007ffc8d767000 	C:\Program Files\Unity\Hub\Editor\2022.3.9f1\Editor\Data\PlaybackEngines\AndroidPlayer\OpenJDK\bin\jli.dll
0x00007ffc91d00000 - 0x00007ffc91e9f000 	C:\WINDOWS\System32\USER32.dll
0x00007ffc62d10000 - 0x00007ffc62faa000 	C:\WINDOWS\WinSxS\amd64_microsoft.windows.common-controls_6595b64144ccf1df_6.0.19041.4355_none_60b8b9eb71f62e16\COMCTL32.dll
0x00007ffc90b60000 - 0x00007ffc90b82000 	C:\WINDOWS\System32\win32u.dll
0x00007ffc92c60000 - 0x00007ffc92cfe000 	C:\WINDOWS\System32\msvcrt.dll
0x00007ffc91cd0000 - 0x00007ffc91cfb000 	C:\WINDOWS\System32\GDI32.dll
0x00007ffc90c90000 - 0x00007ffc90da7000 	C:\WINDOWS\System32\gdi32full.dll
0x00007ffc90e20000 - 0x00007ffc90ebd000 	C:\WINDOWS\System32\msvcp_win.dll
0x00007ffc91ac0000 - 0x00007ffc91af2000 	C:\WINDOWS\System32\IMM32.DLL
0x00007ffc6cf70000 - 0x00007ffc6d00b000 	C:\Program Files\Unity\Hub\Editor\2022.3.9f1\Editor\Data\PlaybackEngines\AndroidPlayer\OpenJDK\bin\msvcp140.dll
0x00007ffbfb8a0000 - 0x00007ffbfc421000 	C:\Program Files\Unity\Hub\Editor\2022.3.9f1\Editor\Data\PlaybackEngines\AndroidPlayer\OpenJDK\bin\server\jvm.dll
0x00007ffc91eb0000 - 0x00007ffc91f60000 	C:\WINDOWS\System32\ADVAPI32.dll
0x00007ffc92b50000 - 0x00007ffc92bf0000 	C:\WINDOWS\System32\sechost.dll
0x00007ffc928c0000 - 0x00007ffc929e3000 	C:\WINDOWS\System32\RPCRT4.dll
0x00007ffc91400000 - 0x00007ffc91427000 	C:\WINDOWS\System32\bcrypt.dll
0x00007ffc91720000 - 0x00007ffc91728000 	C:\WINDOWS\System32\PSAPI.DLL
0x00007ffc843e0000 - 0x00007ffc843e9000 	C:\WINDOWS\SYSTEM32\WSOCK32.dll
0x00007ffc86560000 - 0x00007ffc86587000 	C:\WINDOWS\SYSTEM32\WINMM.dll
0x00007ffc8a580000 - 0x00007ffc8a58a000 	C:\WINDOWS\SYSTEM32\VERSION.dll
0x00007ffc92bf0000 - 0x00007ffc92c5b000 	C:\WINDOWS\System32\WS2_32.dll
0x00007ffc8f1f0000 - 0x00007ffc8f202000 	C:\WINDOWS\SYSTEM32\kernel.appcore.dll
0x00007ffc78530000 - 0x00007ffc78540000 	C:\Program Files\Unity\Hub\Editor\2022.3.9f1\Editor\Data\PlaybackEngines\AndroidPlayer\OpenJDK\bin\verify.dll
0x00007ffc8e6a0000 - 0x00007ffc8e884000 	C:\WINDOWS\SYSTEM32\DBGHELP.DLL
0x00007ffc79c20000 - 0x00007ffc79c54000 	C:\WINDOWS\SYSTEM32\dbgcore.DLL
0x00007ffc91020000 - 0x00007ffc910a2000 	C:\WINDOWS\System32\bcryptPrimitives.dll
0x00007ffc78500000 - 0x00007ffc78528000 	C:\Program Files\Unity\Hub\Editor\2022.3.9f1\Editor\Data\PlaybackEngines\AndroidPlayer\OpenJDK\bin\java.dll
0x00007ffc6cf60000 - 0x00007ffc6cf6a000 	C:\Program Files\Unity\Hub\Editor\2022.3.9f1\Editor\Data\PlaybackEngines\AndroidPlayer\OpenJDK\bin\jimage.dll
0x00007ffc6c5d0000 - 0x00007ffc6c5e8000 	C:\Program Files\Unity\Hub\Editor\2022.3.9f1\Editor\Data\PlaybackEngines\AndroidPlayer\OpenJDK\bin\zip.dll

dbghelp: loaded successfully - version: 4.0.5 - missing functions: none
symbol engine: initialized successfully - sym options: 0x614 - pdb path: .;C:\Program Files\Unity\Hub\Editor\2022.3.9f1\Editor\Data\PlaybackEngines\AndroidPlayer\OpenJDK\bin;C:\WINDOWS\SYSTEM32;C:\WINDOWS\WinSxS\amd64_microsoft.windows.common-controls_6595b64144ccf1df_6.0.19041.4355_none_60b8b9eb71f62e16;C:\Program Files\Unity\Hub\Editor\2022.3.9f1\Editor\Data\PlaybackEngines\AndroidPlayer\OpenJDK\bin\server

VM Arguments:
jvm_args: -Dfile.encoding=UTF-8 
java_command: <unknown>
java_class_path (initial): <not set>
Launcher Type: SUN_STANDARD

[Global flags]
     intx CICompilerCount                          = 12                                        {product} {ergonomic}
     uint ConcGCThreads                            = 3                                         {product} {ergonomic}
     uint G1ConcRefinementThreads                  = 13                                        {product} {ergonomic}
   size_t G1HeapRegionSize                         = 2097152                                   {product} {ergonomic}
    uintx GCDrainStackTargetSize                   = 64                                        {product} {ergonomic}
   size_t InitialHeapSize                          = 532676608                                 {product} {ergonomic}
   size_t MarkStackSize                            = 4194304                                   {product} {ergonomic}
   size_t MaxHeapSize                              = 8506048512                                {product} {ergonomic}
   size_t MinHeapDeltaBytes                        = 2097152                                   {product} {ergonomic}
    uintx NonNMethodCodeHeapSize                   = 7594288                                {pd product} {ergonomic}
    uintx NonProfiledCodeHeapSize                  = 122031976                              {pd product} {ergonomic}
    uintx ProfiledCodeHeapSize                     = 122031976                              {pd product} {ergonomic}
    uintx ReservedCodeCacheSize                    = 251658240                              {pd product} {ergonomic}
     bool SegmentedCodeCache                       = true                                      {product} {ergonomic}
     bool UseCompressedClassPointers               = true                                 {lp64_product} {ergonomic}
     bool UseCompressedOops                        = true                                 {lp64_product} {ergonomic}
     bool UseG1GC                                  = true                                      {product} {ergonomic}
     bool UseLargePagesIndividualAllocation        = false                                  {pd product} {ergonomic}

Logging:
Log output configuration:
 #0: stdout all=warning uptime,level,tags
 #1: stderr all=off uptime,level,tags

Environment Variables:
JAVA_HOME=C:\Program Files\Unity\Hub\Editor\2022.3.9f1\Editor\Data\PlaybackEngines\AndroidPlayer\OpenJDK
JAVA_TOOL_OPTIONS=-Dfile.encoding=UTF-8
PATH=C:\Program Files\Eclipse Adoptium\jdk-21.0.0.35-hotspot\bin;C:\Program Files\Oculus\Support\oculus-runtime;C:\Program Files\Python37\Scripts\;C:\Program Files\Python37\;C:\windows\system32;C:\windows;C:\windows\System32\Wbem;C:\windows\System32\WindowsPowerShell\v1.0\;C:\windows\System32\OpenSSH\;c:\Program Files\PuTTY\;C:\windows\system32\config\systemprofile\.dnx\bin;C:\Program Files\Microsoft DNX\Dnvm\;C:\Program Files\Microsoft SQL Server\130\Tools\Binn\;C:\Program Files (x86)\ATI Technologies\ATI.ACE\Core-Static;C:\Program Files (x86)\Windows Kits\8.1\Windows Performance Toolkit\;C:\Program Files (x86)\NVIDIA Corporation\PhysX\Common;C:\Program Files\TortoiseGit\bin;C:\Program Files\CMake\bin;C:\Program Files\Python37\include\;C:\Program Files\SlikSvn\bin;C:\Program Files\TortoiseSVN\bin;C:\Program Files\dotnet\;C:\WINDOWS\system32;C:\WINDOWS;C:\WINDOWS\System32\Wbem;C:\WINDOWS\System32\WindowsPowerShell\v1.0\;C:\WINDOWS\System32\OpenSSH\;C:\Program Files\Git\cmd;C:\Users\40399367\AppData\Local\Microsoft\WindowsApps;C:\Users\40399367\AppData\Local\Programs\Microsoft VS Code\bin;C:\Users\40399367\AppData\Local\GitHubDesktop\bin
USERNAME=40399367
OS=Windows_NT
PROCESSOR_IDENTIFIER=Intel64 Family 6 Model 85 Stepping 4, GenuineIntel



---------------  S Y S T E M  ---------------

OS: Windows 10 , 64 bit Build 19041 (10.0.19041.3636)
OS uptime: 0 days 3:22 hours

CPU:total 16 (initial active 16) (8 cores per cpu, 2 threads per core) family 6 model 85 stepping 4 microcode 0x200005e, cmov, cx8, fxsr, mmx, sse, sse2, sse3, ssse3, sse4.1, sse4.2, popcnt, avx, avx2, aes, clmul, erms, rtm, 3dnowpref, lzcnt, ht, tsc, tscinvbit, bmi1, bmi2, adx, fma

Memory: 4k page, system-wide physical 32440M (8074M free)
TotalPageFile size 127004M (AvailPageFile size 14M)
current process WorkingSet (physical memory assigned to process): 10M, peak: 10M
current process commit charge ("private bytes"): 71M, peak: 579M

vm_info: OpenJDK 64-Bit Server VM (11.0.14.1+1) for windows-amd64 JRE (11.0.14.1+1), built on Feb  9 2022 01:48:27 by "" with unknown MS VC++:1916

END.
